This file contains any messages produced by compilers while
running configure, to aid debugging if configure makes a mistake.

It was created by masstree-beta configure 0.1, which was
generated by GNU Autoconf 2.71.  Invocation command line was

  $ ./configure --disable-assertions --with-malloc=tcmalloc

## --------- ##
## Platform. ##
## --------- ##

hostname = ubuntu-desktop
uname -m = x86_64
uname -r = 6.8.0-40-generic
uname -s = Linux
uname -v = #40~22.04.3-Ubuntu SMP PREEMPT_DYNAMIC Tue Jul 30 17:30:19 UTC 2

/usr/bin/uname -p = x86_64
/bin/uname -X     = unknown

/bin/arch              = x86_64
/usr/bin/arch -k       = unknown
/usr/convex/getsysinfo = unknown
/usr/bin/hostinfo      = unknown
/bin/machine           = unknown
/usr/bin/oslevel       = unknown
/bin/universe          = unknown

PATH: /home/xpzhang/.local/bin/
PATH: /usr/local/sbin/
PATH: /usr/local/bin/
PATH: /usr/sbin/
PATH: /usr/bin/
PATH: /sbin/
PATH: /bin/
PATH: /usr/games/
PATH: /usr/local/games/
PATH: /snap/bin/
PATH: /home/xpzhang/LeaFTL/pypy2.7-v7.3.9-linux64/bin/


## ----------- ##
## Core tests. ##
## ----------- ##

configure:3022: checking for gcc
configure:3043: found /usr/bin/gcc
configure:3054: result: gcc
configure:3407: checking for C compiler version
configure:3416: gcc --version >&5
gcc (Ubuntu 11.4.0-1ubuntu1~22.04) 11.4.0
Copyright (C) 2021 Free Software Foundation, Inc.
This is free software; see the source for copying conditions.  There is NO
warranty; not even for MERCHANTABILITY or FITNESS FOR A PARTICULAR PURPOSE.

configure:3427: $? = 0
configure:3416: gcc -v >&5
Using built-in specs.
COLLECT_GCC=gcc
COLLECT_LTO_WRAPPER=/usr/lib/gcc/x86_64-linux-gnu/11/lto-wrapper
OFFLOAD_TARGET_NAMES=nvptx-none:amdgcn-amdhsa
OFFLOAD_TARGET_DEFAULT=1
Target: x86_64-linux-gnu
Configured with: ../src/configure -v --with-pkgversion='Ubuntu 11.4.0-1ubuntu1~22.04' --with-bugurl=file:///usr/share/doc/gcc-11/README.Bugs --enable-languages=c,ada,c++,go,brig,d,fortran,objc,obj-c++,m2 --prefix=/usr --with-gcc-major-version-only --program-suffix=-11 --program-prefix=x86_64-linux-gnu- --enable-shared --enable-linker-build-id --libexecdir=/usr/lib --without-included-gettext --enable-threads=posix --libdir=/usr/lib --enable-nls --enable-bootstrap --enable-clocale=gnu --enable-libstdcxx-debug --enable-libstdcxx-time=yes --with-default-libstdcxx-abi=new --enable-gnu-unique-object --disable-vtable-verify --enable-plugin --enable-default-pie --with-system-zlib --enable-libphobos-checking=release --with-target-system-zlib=auto --enable-objc-gc=auto --enable-multiarch --disable-werror --enable-cet --with-arch-32=i686 --with-abi=m64 --with-multilib-list=m32,m64,mx32 --enable-multilib --with-tune=generic --enable-offload-targets=nvptx-none=/build/gcc-11-XeT9lY/gcc-11-11.4.0/debian/tmp-nvptx/usr,amdgcn-amdhsa=/build/gcc-11-XeT9lY/gcc-11-11.4.0/debian/tmp-gcn/usr --without-cuda-driver --enable-checking=release --build=x86_64-linux-gnu --host=x86_64-linux-gnu --target=x86_64-linux-gnu --with-build-config=bootstrap-lto-lean --enable-link-serialization=2
Thread model: posix
Supported LTO compression algorithms: zlib zstd
gcc version 11.4.0 (Ubuntu 11.4.0-1ubuntu1~22.04) 
... rest of stderr output deleted ...
configure:3427: $? = 0
configure:3416: gcc -V >&5
gcc: error: unrecognized command-line option '-V'
gcc: fatal error: no input files
compilation terminated.
configure:3427: $? = 1
configure:3416: gcc -qversion >&5
gcc: error: unrecognized command-line option '-qversion'; did you mean '--version'?
gcc: fatal error: no input files
compilation terminated.
configure:3427: $? = 1
configure:3416: gcc -version >&5
gcc: error: unrecognized command-line option '-version'
gcc: fatal error: no input files
compilation terminated.
configure:3427: $? = 1
configure:3447: checking whether the C compiler works
configure:3469: gcc    conftest.c  >&5
configure:3473: $? = 0
configure:3523: result: yes
configure:3526: checking for C compiler default output file name
configure:3528: result: a.out
configure:3534: checking for suffix of executables
configure:3541: gcc -o conftest    conftest.c  >&5
configure:3545: $? = 0
configure:3568: result: 
configure:3590: checking whether we are cross compiling
configure:3598: gcc -o conftest    conftest.c  >&5
configure:3602: $? = 0
configure:3609: ./conftest
configure:3613: $? = 0
configure:3628: result: no
configure:3633: checking for suffix of object files
configure:3656: gcc -c   conftest.c >&5
configure:3660: $? = 0
configure:3682: result: o
configure:3686: checking whether the compiler supports GNU C
configure:3706: gcc -c   conftest.c >&5
configure:3706: $? = 0
configure:3716: result: yes
configure:3727: checking whether gcc accepts -g
configure:3748: gcc -c -g  conftest.c >&5
configure:3748: $? = 0
configure:3792: result: yes
configure:3812: checking for gcc option to enable C11 features
configure:3827: gcc  -c -g -O2  conftest.c >&5
configure:3827: $? = 0
configure:3845: result: none needed
configure:4024: checking for g++
configure:4045: found /usr/bin/g++
configure:4056: result: g++
configure:4083: checking for C++ compiler version
configure:4092: g++ --version >&5
g++ (Ubuntu 11.4.0-1ubuntu1~22.04) 11.4.0
Copyright (C) 2021 Free Software Foundation, Inc.
This is free software; see the source for copying conditions.  There is NO
warranty; not even for MERCHANTABILITY or FITNESS FOR A PARTICULAR PURPOSE.

configure:4103: $? = 0
configure:4092: g++ -v >&5
Using built-in specs.
COLLECT_GCC=g++
COLLECT_LTO_WRAPPER=/usr/lib/gcc/x86_64-linux-gnu/11/lto-wrapper
OFFLOAD_TARGET_NAMES=nvptx-none:amdgcn-amdhsa
OFFLOAD_TARGET_DEFAULT=1
Target: x86_64-linux-gnu
Configured with: ../src/configure -v --with-pkgversion='Ubuntu 11.4.0-1ubuntu1~22.04' --with-bugurl=file:///usr/share/doc/gcc-11/README.Bugs --enable-languages=c,ada,c++,go,brig,d,fortran,objc,obj-c++,m2 --prefix=/usr --with-gcc-major-version-only --program-suffix=-11 --program-prefix=x86_64-linux-gnu- --enable-shared --enable-linker-build-id --libexecdir=/usr/lib --without-included-gettext --enable-threads=posix --libdir=/usr/lib --enable-nls --enable-bootstrap --enable-clocale=gnu --enable-libstdcxx-debug --enable-libstdcxx-time=yes --with-default-libstdcxx-abi=new --enable-gnu-unique-object --disable-vtable-verify --enable-plugin --enable-default-pie --with-system-zlib --enable-libphobos-checking=release --with-target-system-zlib=auto --enable-objc-gc=auto --enable-multiarch --disable-werror --enable-cet --with-arch-32=i686 --with-abi=m64 --with-multilib-list=m32,m64,mx32 --enable-multilib --with-tune=generic --enable-offload-targets=nvptx-none=/build/gcc-11-XeT9lY/gcc-11-11.4.0/debian/tmp-nvptx/usr,amdgcn-amdhsa=/build/gcc-11-XeT9lY/gcc-11-11.4.0/debian/tmp-gcn/usr --without-cuda-driver --enable-checking=release --build=x86_64-linux-gnu --host=x86_64-linux-gnu --target=x86_64-linux-gnu --with-build-config=bootstrap-lto-lean --enable-link-serialization=2
Thread model: posix
Supported LTO compression algorithms: zlib zstd
gcc version 11.4.0 (Ubuntu 11.4.0-1ubuntu1~22.04) 
... rest of stderr output deleted ...
configure:4103: $? = 0
configure:4092: g++ -V >&5
g++: error: unrecognized command-line option '-V'
g++: fatal error: no input files
compilation terminated.
configure:4103: $? = 1
configure:4092: g++ -qversion >&5
g++: error: unrecognized command-line option '-qversion'; did you mean '--version'?
g++: fatal error: no input files
compilation terminated.
configure:4103: $? = 1
configure:4107: checking whether the compiler supports GNU C++
configure:4127: g++ -c -g -W -Wall -O3  conftest.cpp >&5
configure:4127: $? = 0
configure:4137: result: yes
configure:4148: checking whether g++ accepts -g
configure:4169: g++ -c -g  conftest.cpp >&5
configure:4169: $? = 0
configure:4213: result: yes
configure:4233: checking for g++ option to enable C++11 features
configure:4248: g++  -c -g -W -Wall -O3  conftest.cpp >&5
conftest.cpp: In function 'int main(int, char**)':
conftest.cpp:132:8: warning: unused variable 'a1' [-Wunused-variable]
  132 |   auto a1 = 6538;
      |        ^~
conftest.cpp:139:16: warning: unused variable 'a4' [-Wunused-variable]
  139 |   decltype(a2) a4 = 34895.034;
      |                ^~
conftest.cpp:143:9: warning: unused variable 'sa' [-Wunused-variable]
  143 |   short sa[cxx11test::get_val()] = { 0 };
      |         ^~
conftest.cpp:147:23: warning: unused variable 'il' [-Wunused-variable]
  147 |   cxx11test::testinit il = { 4323, 435234.23544 };
      |                       ^~
conftest.cpp:168:8: warning: unused variable 'a' [-Wunused-variable]
  168 |   auto a = sum(1);
      |        ^
conftest.cpp:169:8: warning: unused variable 'b' [-Wunused-variable]
  169 |   auto b = sum(1, 2);
      |        ^
conftest.cpp:170:8: warning: unused variable 'c' [-Wunused-variable]
  170 |   auto c = sum(1.0, 2.0, 3.0);
      |        ^
conftest.cpp:175:25: warning: empty parentheses were disambiguated as a function declaration [-Wvexing-parse]
  175 |   cxx11test::delegate d2();
      |                         ^~
conftest.cpp:175:25: note: remove parentheses to default-initialize a variable
  175 |   cxx11test::delegate d2();
      |                         ^~
      |                         --
conftest.cpp:175:25: note: or replace parentheses with braces to value-initialize a variable
conftest.cpp:184:9: warning: unused variable 'c' [-Wunused-variable]
  184 |   char *c = nullptr;
      |         ^
conftest.cpp:192:15: warning: unused variable 'utf8' [-Wunused-variable]
  192 |   char const *utf8 = u8"UTF-8 string \u2500";
      |               ^~~~
conftest.cpp:193:19: warning: unused variable 'utf16' [-Wunused-variable]
  193 |   char16_t const *utf16 = u"UTF-8 string \u2500";
      |                   ^~~~~
conftest.cpp:194:19: warning: unused variable 'utf32' [-Wunused-variable]
  194 |   char32_t const *utf32 = U"UTF-32 string \u2500";
      |                   ^~~~~
configure:4248: $? = 0
configure:4266: result: none needed
configure:4384: checking for ranlib
configure:4405: found /usr/bin/ranlib
configure:4416: result: ranlib
configure:4447: checking for stdio.h
configure:4447: g++ -c -g -W -Wall -O3  conftest.cpp >&5
configure:4447: $? = 0
configure:4447: result: yes
configure:4447: checking for stdlib.h
configure:4447: g++ -c -g -W -Wall -O3  conftest.cpp >&5
configure:4447: $? = 0
configure:4447: result: yes
configure:4447: checking for string.h
configure:4447: g++ -c -g -W -Wall -O3  conftest.cpp >&5
configure:4447: $? = 0
configure:4447: result: yes
configure:4447: checking for inttypes.h
configure:4447: g++ -c -g -W -Wall -O3  conftest.cpp >&5
configure:4447: $? = 0
configure:4447: result: yes
configure:4447: checking for stdint.h
configure:4447: g++ -c -g -W -Wall -O3  conftest.cpp >&5
configure:4447: $? = 0
configure:4447: result: yes
configure:4447: checking for strings.h
configure:4447: g++ -c -g -W -Wall -O3  conftest.cpp >&5
configure:4447: $? = 0
configure:4447: result: yes
configure:4447: checking for sys/stat.h
configure:4447: g++ -c -g -W -Wall -O3  conftest.cpp >&5
configure:4447: $? = 0
configure:4447: result: yes
configure:4447: checking for sys/types.h
configure:4447: g++ -c -g -W -Wall -O3  conftest.cpp >&5
configure:4447: $? = 0
configure:4447: result: yes
configure:4447: checking for unistd.h
configure:4447: g++ -c -g -W -Wall -O3  conftest.cpp >&5
configure:4447: $? = 0
configure:4447: result: yes
configure:4472: checking whether byte ordering is bigendian
configure:4488: g++ -c -g -W -Wall -O3  conftest.cpp >&5
conftest.cpp:21:16: error: expected unqualified-id before 'not' token
   21 |                not a universal capable compiler
      |                ^~~
configure:4488: $? = 1
configure: failed program was:
| /* confdefs.h */
| #define PACKAGE_NAME "masstree-beta"
| #define PACKAGE_TARNAME "masstree-beta"
| #define PACKAGE_VERSION "0.1"
| #define PACKAGE_STRING "masstree-beta 0.1"
| #define PACKAGE_BUGREPORT ""
| #define PACKAGE_URL ""
| #define WORDS_BIGENDIAN_SET 1
| #define HAVE_STDIO_H 1
| #define HAVE_STDLIB_H 1
| #define HAVE_STRING_H 1
| #define HAVE_INTTYPES_H 1
| #define HAVE_STDINT_H 1
| #define HAVE_STRINGS_H 1
| #define HAVE_SYS_STAT_H 1
| #define HAVE_SYS_TYPES_H 1
| #define HAVE_UNISTD_H 1
| #define STDC_HEADERS 1
| /* end confdefs.h.  */
| #ifndef __APPLE_CC__
| 	       not a universal capable compiler
| 	     #endif
| 	     typedef int dummy;
| 
configure:4534: g++ -c -g -W -Wall -O3  conftest.cpp >&5
configure:4534: $? = 0
configure:4553: g++ -c -g -W -Wall -O3  conftest.cpp >&5
conftest.cpp: In function 'int main()':
conftest.cpp:27:22: error: 'big' was not declared in this scope
   27 |                  not big endian
      |                      ^~~
configure:4553: $? = 1
configure: failed program was:
| /* confdefs.h */
| #define PACKAGE_NAME "masstree-beta"
| #define PACKAGE_TARNAME "masstree-beta"
| #define PACKAGE_VERSION "0.1"
| #define PACKAGE_STRING "masstree-beta 0.1"
| #define PACKAGE_BUGREPORT ""
| #define PACKAGE_URL ""
| #define WORDS_BIGENDIAN_SET 1
| #define HAVE_STDIO_H 1
| #define HAVE_STDLIB_H 1
| #define HAVE_STRING_H 1
| #define HAVE_INTTYPES_H 1
| #define HAVE_STDINT_H 1
| #define HAVE_STRINGS_H 1
| #define HAVE_SYS_STAT_H 1
| #define HAVE_SYS_TYPES_H 1
| #define HAVE_UNISTD_H 1
| #define STDC_HEADERS 1
| /* end confdefs.h.  */
| #include <sys/types.h>
| 		#include <sys/param.h>
| 
| int
| main (void)
| {
| #if BYTE_ORDER != BIG_ENDIAN
| 		 not big endian
| 		#endif
| 
|   ;
|   return 0;
| }
configure:4687: result: no
configure:4706: checking for sys/epoll.h
configure:4706: g++ -c -g -W -Wall -O3  conftest.cpp >&5
configure:4706: $? = 0
configure:4706: result: yes
configure:4712: checking for numa.h
configure:4712: g++ -c -g -W -Wall -O3  conftest.cpp >&5
configure:4712: $? = 0
configure:4712: result: yes
configure:4720: checking for library containing numa_available
configure:4749: g++ -o conftest -g -W -Wall -O3   conftest.cpp  >&5
/usr/bin/ld: /tmp/ccSW2hXv.o: in function `main':
/home/xpzhang/Blink-hash/index/masstree/conftest.cpp:29: undefined reference to `numa_available'
collect2: error: ld returned 1 exit status
configure:4749: $? = 1
configure: failed program was:
| /* confdefs.h */
| #define PACKAGE_NAME "masstree-beta"
| #define PACKAGE_TARNAME "masstree-beta"
| #define PACKAGE_VERSION "0.1"
| #define PACKAGE_STRING "masstree-beta 0.1"
| #define PACKAGE_BUGREPORT ""
| #define PACKAGE_URL ""
| #define WORDS_BIGENDIAN_SET 1
| #define HAVE_STDIO_H 1
| #define HAVE_STDLIB_H 1
| #define HAVE_STRING_H 1
| #define HAVE_INTTYPES_H 1
| #define HAVE_STDINT_H 1
| #define HAVE_STRINGS_H 1
| #define HAVE_SYS_STAT_H 1
| #define HAVE_SYS_TYPES_H 1
| #define HAVE_UNISTD_H 1
| #define STDC_HEADERS 1
| #define HAVE_SYS_EPOLL_H 1
| #define HAVE_NUMA_H 1
| /* end confdefs.h.  */
| 
| namespace conftest {
|   extern "C" int numa_available ();
| }
| int
| main (void)
| {
| return conftest::numa_available ();
|   ;
|   return 0;
| }
configure:4749: g++ -o conftest -g -W -Wall -O3   conftest.cpp -lnuma   >&5
configure:4749: $? = 0
configure:4769: result: -lnuma
configure:4786: checking for __builtin_clz builtin
configure:4803: g++ -o conftest -g -W -Wall -O3   conftest.cpp -lnuma  >&5
configure:4803: $? = 0
configure:4812: result: yes
configure:4822: checking for __builtin_clzl builtin
configure:4839: g++ -o conftest -g -W -Wall -O3   conftest.cpp -lnuma  >&5
configure:4839: $? = 0
configure:4848: result: yes
configure:4858: checking for __builtin_clzll builtin
configure:4875: g++ -o conftest -g -W -Wall -O3   conftest.cpp -lnuma  >&5
configure:4875: $? = 0
configure:4884: result: yes
configure:4894: checking for __builtin_ctz builtin
configure:4911: g++ -o conftest -g -W -Wall -O3   conftest.cpp -lnuma  >&5
configure:4911: $? = 0
configure:4920: result: yes
configure:4930: checking for __builtin_ctzl builtin
configure:4947: g++ -o conftest -g -W -Wall -O3   conftest.cpp -lnuma  >&5
configure:4947: $? = 0
configure:4956: result: yes
configure:4966: checking for __builtin_ctzll builtin
configure:4983: g++ -o conftest -g -W -Wall -O3   conftest.cpp -lnuma  >&5
configure:4983: $? = 0
configure:4992: result: yes
configure:5002: checking for __sync_synchronize builtin
configure:5020: g++ -o conftest -g -W -Wall -O3   conftest.cpp -lnuma  >&5
configure:5020: $? = 0
configure:5029: result: yes
configure:5039: checking for __sync_fetch_and_add builtin
configure:5056: g++ -o conftest -g -W -Wall -O3   conftest.cpp -lnuma  >&5
configure:5056: $? = 0
configure:5065: result: yes
configure:5075: checking for __sync_add_and_fetch builtin
configure:5092: g++ -o conftest -g -W -Wall -O3   conftest.cpp -lnuma  >&5
configure:5092: $? = 0
configure:5101: result: yes
configure:5111: checking for __sync_fetch_and_add_8 builtin
configure:5129: g++ -o conftest -g -W -Wall -O3   conftest.cpp -lnuma  >&5
configure:5129: $? = 0
configure:5138: result: yes
configure:5148: checking for __sync_add_and_fetch_8 builtin
configure:5166: g++ -o conftest -g -W -Wall -O3   conftest.cpp -lnuma  >&5
configure:5166: $? = 0
configure:5175: result: yes
configure:5185: checking for __sync_fetch_and_or builtin
configure:5202: g++ -o conftest -g -W -Wall -O3   conftest.cpp -lnuma  >&5
configure:5202: $? = 0
configure:5211: result: yes
configure:5221: checking for __sync_or_and_fetch builtin
configure:5238: g++ -o conftest -g -W -Wall -O3   conftest.cpp -lnuma  >&5
configure:5238: $? = 0
configure:5247: result: yes
configure:5257: checking for __sync_fetch_and_or_8 builtin
configure:5275: g++ -o conftest -g -W -Wall -O3   conftest.cpp -lnuma  >&5
configure:5275: $? = 0
configure:5284: result: yes
configure:5294: checking for __sync_or_and_fetch_8 builtin
configure:5312: g++ -o conftest -g -W -Wall -O3   conftest.cpp -lnuma  >&5
configure:5312: $? = 0
configure:5321: result: yes
configure:5331: checking for __sync_bool_compare_and_swap builtin
configure:5348: g++ -o conftest -g -W -Wall -O3   conftest.cpp -lnuma  >&5
configure:5348: $? = 0
configure:5357: result: yes
configure:5367: checking for __sync_bool_compare_and_swap_8 builtin
configure:5385: g++ -o conftest -g -W -Wall -O3   conftest.cpp -lnuma  >&5
configure:5385: $? = 0
configure:5394: result: yes
configure:5404: checking for __sync_val_compare_and_swap builtin
configure:5421: g++ -o conftest -g -W -Wall -O3   conftest.cpp -lnuma  >&5
configure:5421: $? = 0
configure:5430: result: yes
configure:5440: checking for __sync_val_compare_and_swap_8 builtin
configure:5458: g++ -o conftest -g -W -Wall -O3   conftest.cpp -lnuma  >&5
configure:5458: $? = 0
configure:5467: result: yes
configure:5477: checking for __sync_lock_test_and_set builtin
configure:5494: g++ -o conftest -g -W -Wall -O3   conftest.cpp -lnuma  >&5
configure:5494: $? = 0
configure:5503: result: yes
configure:5513: checking for __sync_lock_test_and_set_val builtin
configure:5530: g++ -o conftest -g -W -Wall -O3   conftest.cpp -lnuma  >&5
configure:5530: $? = 0
configure:5539: result: yes
configure:5549: checking for __sync_lock_release_set builtin
configure:5566: g++ -o conftest -g -W -Wall -O3   conftest.cpp -lnuma  >&5
configure:5566: $? = 0
configure:5575: result: yes
configure:5589: checking whether the C++ compiler understands 'auto'
configure:5607: g++ -c -g -W -Wall -O3  conftest.cpp >&5
configure:5607: $? = 0
configure:5615: result: yes
configure:5647: checking whether the C++ compiler understands constexpr
configure:5665: g++ -c -g -W -Wall -O3  conftest.cpp >&5
configure:5665: $? = 0
configure:5673: result: yes
configure:5705: checking whether the C++ compiler understands static_assert
configure:5723: g++ -c -g -W -Wall -O3  conftest.cpp >&5
configure:5723: $? = 0
configure:5731: result: yes
configure:5763: checking whether the C++ compiler understands rvalue references
configure:5781: g++ -c -g -W -Wall -O3  conftest.cpp >&5
configure:5781: $? = 0
configure:5789: result: yes
configure:5821: checking whether the C++ compiler understands template alias
configure:5839: g++ -c -g -W -Wall -O3  conftest.cpp >&5
configure:5839: $? = 0
configure:5847: result: yes
configure:5894: checking for type_traits
configure:5894: g++ -c -g -W -Wall -O3  conftest.cpp >&5
configure:5894: $? = 0
configure:5894: result: yes
configure:5903: checking for std::hash
configure:5922: g++ -c -g -W -Wall -O3  conftest.cpp >&5
configure:5922: $? = 0
configure:5930: result: yes
configure:5968: checking for __has_trivial_copy
configure:5986: g++ -c -g -W -Wall -O3  conftest.cpp >&5
conftest.cpp: In function 'int main()':
conftest.cpp:52:6: warning: variable 'x' set but not used [-Wunused-but-set-variable]
   52 | long x = 1; if (__has_trivial_copy(long)) x = 0;
      |      ^
configure:5986: $? = 0
configure:5994: result: yes
configure:6031: checking for __has_trivial_destructor
configure:6049: g++ -c -g -W -Wall -O3  conftest.cpp >&5
conftest.cpp: In function 'int main()':
conftest.cpp:53:6: warning: variable 'x' set but not used [-Wunused-but-set-variable]
   53 | long x = 1; if (__has_trivial_destructor(long)) x = 0;
      |      ^
configure:6049: $? = 0
configure:6057: result: yes
configure:6095: checking for std::move
configure:6113: g++ -c -g -W -Wall -O3  conftest.cpp >&5
conftest.cpp: In function 'int main()':
conftest.cpp:54:20: warning: unused variable 'y' [-Wunused-variable]
   54 | long x = 0; long &&y = std::move(x);
      |                    ^
configure:6113: $? = 0
configure:6121: result: yes
configure:6162: checking for std::is_trivially_copyable
configure:6180: g++ -c -g -W -Wall -O3  conftest.cpp >&5
configure:6180: $? = 0
configure:6188: result: yes
configure:6225: checking for std::is_trivially_destructible
configure:6243: g++ -c -g -W -Wall -O3  conftest.cpp >&5
configure:6243: $? = 0
configure:6251: result: yes
configure:6288: checking for std::is_rvalue_reference
configure:6306: g++ -c -g -W -Wall -O3  conftest.cpp >&5
configure:6306: $? = 0
configure:6314: result: yes
configure:6352: checking for malloc in -lflow
configure:6374: g++ -o conftest -g -W -Wall -O3   conftest.cpp -lflow  -lnuma  >&5
/usr/bin/ld: cannot find -lflow: No such file or directory
collect2: error: ld returned 1 exit status
configure:6374: $? = 1
configure: failed program was:
| /* confdefs.h */
| #define PACKAGE_NAME "masstree-beta"
| #define PACKAGE_TARNAME "masstree-beta"
| #define PACKAGE_VERSION "0.1"
| #define PACKAGE_STRING "masstree-beta 0.1"
| #define PACKAGE_BUGREPORT ""
| #define PACKAGE_URL ""
| #define WORDS_BIGENDIAN_SET 1
| #define HAVE_STDIO_H 1
| #define HAVE_STDLIB_H 1
| #define HAVE_STRING_H 1
| #define HAVE_INTTYPES_H 1
| #define HAVE_STDINT_H 1
| #define HAVE_STRINGS_H 1
| #define HAVE_SYS_STAT_H 1
| #define HAVE_SYS_TYPES_H 1
| #define HAVE_UNISTD_H 1
| #define STDC_HEADERS 1
| #define HAVE_SYS_EPOLL_H 1
| #define HAVE_NUMA_H 1
| #define HAVE_LIBNUMA 1
| #define HAVE___BUILTIN_CLZ 1
| #define HAVE___BUILTIN_CLZL 1
| #define HAVE___BUILTIN_CLZLL 1
| #define HAVE___BUILTIN_CTZ 1
| #define HAVE___BUILTIN_CTZL 1
| #define HAVE___BUILTIN_CTZLL 1
| #define HAVE___SYNC_SYNCHRONIZE 1
| #define HAVE___SYNC_FETCH_AND_ADD 1
| #define HAVE___SYNC_ADD_AND_FETCH 1
| #define HAVE___SYNC_FETCH_AND_ADD_8 1
| #define HAVE___SYNC_ADD_AND_FETCH_8 1
| #define HAVE___SYNC_FETCH_AND_OR 1
| #define HAVE___SYNC_OR_AND_FETCH 1
| #define HAVE___SYNC_FETCH_AND_OR_8 1
| #define HAVE___SYNC_OR_AND_FETCH_8 1
| #define HAVE___SYNC_BOOL_COMPARE_AND_SWAP 1
| #define HAVE___SYNC_BOOL_COMPARE_AND_SWAP_8 1
| #define HAVE___SYNC_VAL_COMPARE_AND_SWAP 1
| #define HAVE___SYNC_VAL_COMPARE_AND_SWAP_8 1
| #define HAVE___SYNC_LOCK_TEST_AND_SET 1
| #define HAVE___SYNC_LOCK_TEST_AND_SET_VAL 1
| #define HAVE___SYNC_LOCK_RELEASE_SET 1
| #define HAVE_CXX_TEMPLATE_ALIAS 1
| #define HAVE_TYPE_TRAITS 1
| #define HAVE_STD_HASH 1
| #define HAVE___HAS_TRIVIAL_COPY 1
| #define HAVE___HAS_TRIVIAL_DESTRUCTOR 1
| #define HAVE_STD_IS_TRIVIALLY_COPYABLE 1
| #define HAVE_STD_IS_TRIVIALLY_DESTRUCTIBLE 1
| #define HAVE_STD_IS_RVALUE_REFERENCE 1
| /* end confdefs.h.  */
| 
| namespace conftest {
|   extern "C" int malloc ();
| }
| int
| main (void)
| {
| return conftest::malloc ();
|   ;
|   return 0;
| }
configure:6384: result: no
configure:6393: checking for mallctl in -ljemalloc
configure:6415: g++ -o conftest -g -W -Wall -O3   conftest.cpp -ljemalloc  -lnuma  >&5
configure:6415: $? = 0
configure:6425: result: yes
configure:6434: checking for tc_malloc in -ltcmalloc_minimal
configure:6456: g++ -o conftest -g -W -Wall -O3   conftest.cpp -ltcmalloc_minimal  -lnuma  >&5
configure:6456: $? = 0
configure:6466: result: yes
configure:6475: checking for _Z16getMainHoardHeapv in -lhoard
configure:6497: g++ -o conftest -g -W -Wall -O3   conftest.cpp -lhoard  -lnuma  >&5
/usr/bin/ld: cannot find -lhoard: No such file or directory
collect2: error: ld returned 1 exit status
configure:6497: $? = 1
configure: failed program was:
| /* confdefs.h */
| #define PACKAGE_NAME "masstree-beta"
| #define PACKAGE_TARNAME "masstree-beta"
| #define PACKAGE_VERSION "0.1"
| #define PACKAGE_STRING "masstree-beta 0.1"
| #define PACKAGE_BUGREPORT ""
| #define PACKAGE_URL ""
| #define WORDS_BIGENDIAN_SET 1
| #define HAVE_STDIO_H 1
| #define HAVE_STDLIB_H 1
| #define HAVE_STRING_H 1
| #define HAVE_INTTYPES_H 1
| #define HAVE_STDINT_H 1
| #define HAVE_STRINGS_H 1
| #define HAVE_SYS_STAT_H 1
| #define HAVE_SYS_TYPES_H 1
| #define HAVE_UNISTD_H 1
| #define STDC_HEADERS 1
| #define HAVE_SYS_EPOLL_H 1
| #define HAVE_NUMA_H 1
| #define HAVE_LIBNUMA 1
| #define HAVE___BUILTIN_CLZ 1
| #define HAVE___BUILTIN_CLZL 1
| #define HAVE___BUILTIN_CLZLL 1
| #define HAVE___BUILTIN_CTZ 1
| #define HAVE___BUILTIN_CTZL 1
| #define HAVE___BUILTIN_CTZLL 1
| #define HAVE___SYNC_SYNCHRONIZE 1
| #define HAVE___SYNC_FETCH_AND_ADD 1
| #define HAVE___SYNC_ADD_AND_FETCH 1
| #define HAVE___SYNC_FETCH_AND_ADD_8 1
| #define HAVE___SYNC_ADD_AND_FETCH_8 1
| #define HAVE___SYNC_FETCH_AND_OR 1
| #define HAVE___SYNC_OR_AND_FETCH 1
| #define HAVE___SYNC_FETCH_AND_OR_8 1
| #define HAVE___SYNC_OR_AND_FETCH_8 1
| #define HAVE___SYNC_BOOL_COMPARE_AND_SWAP 1
| #define HAVE___SYNC_BOOL_COMPARE_AND_SWAP_8 1
| #define HAVE___SYNC_VAL_COMPARE_AND_SWAP 1
| #define HAVE___SYNC_VAL_COMPARE_AND_SWAP_8 1
| #define HAVE___SYNC_LOCK_TEST_AND_SET 1
| #define HAVE___SYNC_LOCK_TEST_AND_SET_VAL 1
| #define HAVE___SYNC_LOCK_RELEASE_SET 1
| #define HAVE_CXX_TEMPLATE_ALIAS 1
| #define HAVE_TYPE_TRAITS 1
| #define HAVE_STD_HASH 1
| #define HAVE___HAS_TRIVIAL_COPY 1
| #define HAVE___HAS_TRIVIAL_DESTRUCTOR 1
| #define HAVE_STD_IS_TRIVIALLY_COPYABLE 1
| #define HAVE_STD_IS_TRIVIALLY_DESTRUCTIBLE 1
| #define HAVE_STD_IS_RVALUE_REFERENCE 1
| /* end confdefs.h.  */
| 
| namespace conftest {
|   extern "C" int _Z16getMainHoardHeapv ();
| }
| int
| main (void)
| {
| return conftest::_Z16getMainHoardHeapv ();
|   ;
|   return 0;
| }
configure:6507: result: no
configure:6549: checking for malloc library
configure:6556: result: -ltcmalloc_minimal
configure:6592: checking whether off_t and long are the same type
configure:6610: g++ -c -g -W -Wall -O3  conftest.cpp >&5
conftest.cpp:55:30: error: redefinition of 'int f(long int)'
   55 | int f(off_t) {return 0;} int f(long) {return 0;}
      |                              ^
conftest.cpp:55:5: note: 'int f(off_t)' previously defined here
   55 | int f(off_t) {return 0;} int f(long) {return 0;}
      |     ^
configure:6610: $? = 1
configure: failed program was:
| /* confdefs.h */
| #define PACKAGE_NAME "masstree-beta"
| #define PACKAGE_TARNAME "masstree-beta"
| #define PACKAGE_VERSION "0.1"
| #define PACKAGE_STRING "masstree-beta 0.1"
| #define PACKAGE_BUGREPORT ""
| #define PACKAGE_URL ""
| #define WORDS_BIGENDIAN_SET 1
| #define HAVE_STDIO_H 1
| #define HAVE_STDLIB_H 1
| #define HAVE_STRING_H 1
| #define HAVE_INTTYPES_H 1
| #define HAVE_STDINT_H 1
| #define HAVE_STRINGS_H 1
| #define HAVE_SYS_STAT_H 1
| #define HAVE_SYS_TYPES_H 1
| #define HAVE_UNISTD_H 1
| #define STDC_HEADERS 1
| #define HAVE_SYS_EPOLL_H 1
| #define HAVE_NUMA_H 1
| #define HAVE_LIBNUMA 1
| #define HAVE___BUILTIN_CLZ 1
| #define HAVE___BUILTIN_CLZL 1
| #define HAVE___BUILTIN_CLZLL 1
| #define HAVE___BUILTIN_CTZ 1
| #define HAVE___BUILTIN_CTZL 1
| #define HAVE___BUILTIN_CTZLL 1
| #define HAVE___SYNC_SYNCHRONIZE 1
| #define HAVE___SYNC_FETCH_AND_ADD 1
| #define HAVE___SYNC_ADD_AND_FETCH 1
| #define HAVE___SYNC_FETCH_AND_ADD_8 1
| #define HAVE___SYNC_ADD_AND_FETCH_8 1
| #define HAVE___SYNC_FETCH_AND_OR 1
| #define HAVE___SYNC_OR_AND_FETCH 1
| #define HAVE___SYNC_FETCH_AND_OR_8 1
| #define HAVE___SYNC_OR_AND_FETCH_8 1
| #define HAVE___SYNC_BOOL_COMPARE_AND_SWAP 1
| #define HAVE___SYNC_BOOL_COMPARE_AND_SWAP_8 1
| #define HAVE___SYNC_VAL_COMPARE_AND_SWAP 1
| #define HAVE___SYNC_VAL_COMPARE_AND_SWAP_8 1
| #define HAVE___SYNC_LOCK_TEST_AND_SET 1
| #define HAVE___SYNC_LOCK_TEST_AND_SET_VAL 1
| #define HAVE___SYNC_LOCK_RELEASE_SET 1
| #define HAVE_CXX_TEMPLATE_ALIAS 1
| #define HAVE_TYPE_TRAITS 1
| #define HAVE_STD_HASH 1
| #define HAVE___HAS_TRIVIAL_COPY 1
| #define HAVE___HAS_TRIVIAL_DESTRUCTOR 1
| #define HAVE_STD_IS_TRIVIALLY_COPYABLE 1
| #define HAVE_STD_IS_TRIVIALLY_DESTRUCTIBLE 1
| #define HAVE_STD_IS_RVALUE_REFERENCE 1
| #define HAVE_TCMALLOC 1
| /* end confdefs.h.  */
| #include <stdio.h>
| int f(off_t) {return 0;} int f(long) {return 0;}
| int
| main (void)
| {
| 
|   ;
|   return 0;
| }
configure:6618: result: yes
configure:6629: checking whether off_t and long long are the same type
configure:6647: g++ -c -g -W -Wall -O3  conftest.cpp >&5
configure:6647: $? = 0
configure:6655: result: no
configure:6666: checking whether int64_t and long are the same type
configure:6684: g++ -c -g -W -Wall -O3  conftest.cpp >&5
conftest.cpp:56:32: error: redefinition of 'int f(long int)'
   56 | int f(int64_t) {return 0;} int f(long) {return 0;}
      |                                ^
conftest.cpp:56:5: note: 'int f(int64_t)' previously defined here
   56 | int f(int64_t) {return 0;} int f(long) {return 0;}
      |     ^
configure:6684: $? = 1
configure: failed program was:
| /* confdefs.h */
| #define PACKAGE_NAME "masstree-beta"
| #define PACKAGE_TARNAME "masstree-beta"
| #define PACKAGE_VERSION "0.1"
| #define PACKAGE_STRING "masstree-beta 0.1"
| #define PACKAGE_BUGREPORT ""
| #define PACKAGE_URL ""
| #define WORDS_BIGENDIAN_SET 1
| #define HAVE_STDIO_H 1
| #define HAVE_STDLIB_H 1
| #define HAVE_STRING_H 1
| #define HAVE_INTTYPES_H 1
| #define HAVE_STDINT_H 1
| #define HAVE_STRINGS_H 1
| #define HAVE_SYS_STAT_H 1
| #define HAVE_SYS_TYPES_H 1
| #define HAVE_UNISTD_H 1
| #define STDC_HEADERS 1
| #define HAVE_SYS_EPOLL_H 1
| #define HAVE_NUMA_H 1
| #define HAVE_LIBNUMA 1
| #define HAVE___BUILTIN_CLZ 1
| #define HAVE___BUILTIN_CLZL 1
| #define HAVE___BUILTIN_CLZLL 1
| #define HAVE___BUILTIN_CTZ 1
| #define HAVE___BUILTIN_CTZL 1
| #define HAVE___BUILTIN_CTZLL 1
| #define HAVE___SYNC_SYNCHRONIZE 1
| #define HAVE___SYNC_FETCH_AND_ADD 1
| #define HAVE___SYNC_ADD_AND_FETCH 1
| #define HAVE___SYNC_FETCH_AND_ADD_8 1
| #define HAVE___SYNC_ADD_AND_FETCH_8 1
| #define HAVE___SYNC_FETCH_AND_OR 1
| #define HAVE___SYNC_OR_AND_FETCH 1
| #define HAVE___SYNC_FETCH_AND_OR_8 1
| #define HAVE___SYNC_OR_AND_FETCH_8 1
| #define HAVE___SYNC_BOOL_COMPARE_AND_SWAP 1
| #define HAVE___SYNC_BOOL_COMPARE_AND_SWAP_8 1
| #define HAVE___SYNC_VAL_COMPARE_AND_SWAP 1
| #define HAVE___SYNC_VAL_COMPARE_AND_SWAP_8 1
| #define HAVE___SYNC_LOCK_TEST_AND_SET 1
| #define HAVE___SYNC_LOCK_TEST_AND_SET_VAL 1
| #define HAVE___SYNC_LOCK_RELEASE_SET 1
| #define HAVE_CXX_TEMPLATE_ALIAS 1
| #define HAVE_TYPE_TRAITS 1
| #define HAVE_STD_HASH 1
| #define HAVE___HAS_TRIVIAL_COPY 1
| #define HAVE___HAS_TRIVIAL_DESTRUCTOR 1
| #define HAVE_STD_IS_TRIVIALLY_COPYABLE 1
| #define HAVE_STD_IS_TRIVIALLY_DESTRUCTIBLE 1
| #define HAVE_STD_IS_RVALUE_REFERENCE 1
| #define HAVE_TCMALLOC 1
| #define HAVE_OFF_T_IS_LONG 1
| /* end confdefs.h.  */
| #include <stdint.h>
| int f(int64_t) {return 0;} int f(long) {return 0;}
| int
| main (void)
| {
| 
|   ;
|   return 0;
| }
configure:6692: result: yes
configure:6703: checking whether int64_t and long long are the same type
configure:6721: g++ -c -g -W -Wall -O3  conftest.cpp >&5
configure:6721: $? = 0
configure:6729: result: no
configure:6740: checking whether size_t and unsigned are the same type
configure:6758: g++ -c -g -W -Wall -O3  conftest.cpp >&5
configure:6758: $? = 0
configure:6766: result: no
configure:6777: checking whether size_t and unsigned long are the same type
configure:6795: g++ -c -g -W -Wall -O3  conftest.cpp >&5
conftest.cpp:57:31: error: redefinition of 'int f(long unsigned int)'
   57 | int f(size_t) {return 0;} int f(unsigned long) {return 0;}
      |                               ^
conftest.cpp:57:5: note: 'int f(size_t)' previously defined here
   57 | int f(size_t) {return 0;} int f(unsigned long) {return 0;}
      |     ^
configure:6795: $? = 1
configure: failed program was:
| /* confdefs.h */
| #define PACKAGE_NAME "masstree-beta"
| #define PACKAGE_TARNAME "masstree-beta"
| #define PACKAGE_VERSION "0.1"
| #define PACKAGE_STRING "masstree-beta 0.1"
| #define PACKAGE_BUGREPORT ""
| #define PACKAGE_URL ""
| #define WORDS_BIGENDIAN_SET 1
| #define HAVE_STDIO_H 1
| #define HAVE_STDLIB_H 1
| #define HAVE_STRING_H 1
| #define HAVE_INTTYPES_H 1
| #define HAVE_STDINT_H 1
| #define HAVE_STRINGS_H 1
| #define HAVE_SYS_STAT_H 1
| #define HAVE_SYS_TYPES_H 1
| #define HAVE_UNISTD_H 1
| #define STDC_HEADERS 1
| #define HAVE_SYS_EPOLL_H 1
| #define HAVE_NUMA_H 1
| #define HAVE_LIBNUMA 1
| #define HAVE___BUILTIN_CLZ 1
| #define HAVE___BUILTIN_CLZL 1
| #define HAVE___BUILTIN_CLZLL 1
| #define HAVE___BUILTIN_CTZ 1
| #define HAVE___BUILTIN_CTZL 1
| #define HAVE___BUILTIN_CTZLL 1
| #define HAVE___SYNC_SYNCHRONIZE 1
| #define HAVE___SYNC_FETCH_AND_ADD 1
| #define HAVE___SYNC_ADD_AND_FETCH 1
| #define HAVE___SYNC_FETCH_AND_ADD_8 1
| #define HAVE___SYNC_ADD_AND_FETCH_8 1
| #define HAVE___SYNC_FETCH_AND_OR 1
| #define HAVE___SYNC_OR_AND_FETCH 1
| #define HAVE___SYNC_FETCH_AND_OR_8 1
| #define HAVE___SYNC_OR_AND_FETCH_8 1
| #define HAVE___SYNC_BOOL_COMPARE_AND_SWAP 1
| #define HAVE___SYNC_BOOL_COMPARE_AND_SWAP_8 1
| #define HAVE___SYNC_VAL_COMPARE_AND_SWAP 1
| #define HAVE___SYNC_VAL_COMPARE_AND_SWAP_8 1
| #define HAVE___SYNC_LOCK_TEST_AND_SET 1
| #define HAVE___SYNC_LOCK_TEST_AND_SET_VAL 1
| #define HAVE___SYNC_LOCK_RELEASE_SET 1
| #define HAVE_CXX_TEMPLATE_ALIAS 1
| #define HAVE_TYPE_TRAITS 1
| #define HAVE_STD_HASH 1
| #define HAVE___HAS_TRIVIAL_COPY 1
| #define HAVE___HAS_TRIVIAL_DESTRUCTOR 1
| #define HAVE_STD_IS_TRIVIALLY_COPYABLE 1
| #define HAVE_STD_IS_TRIVIALLY_DESTRUCTIBLE 1
| #define HAVE_STD_IS_RVALUE_REFERENCE 1
| #define HAVE_TCMALLOC 1
| #define HAVE_OFF_T_IS_LONG 1
| #define HAVE_INT64_T_IS_LONG 1
| /* end confdefs.h.  */
| #include <stdio.h>
| int f(size_t) {return 0;} int f(unsigned long) {return 0;}
| int
| main (void)
| {
| 
|   ;
|   return 0;
| }
configure:6803: result: yes
configure:6814: checking whether size_t and unsigned long long are the same type
configure:6832: g++ -c -g -W -Wall -O3  conftest.cpp >&5
configure:6832: $? = 0
configure:6840: result: no
configure:6850: checking for long long
configure:6850: g++ -c -g -W -Wall -O3  conftest.cpp >&5
configure:6850: $? = 0
configure:6850: g++ -c -g -W -Wall -O3  conftest.cpp >&5
conftest.cpp: In function 'int main()':
conftest.cpp:88:14: error: expected primary-expression before 'long'
   88 | if (sizeof ((long long)))
      |              ^~~~
conftest.cpp:88:14: error: expected ')' before 'long'
   88 | if (sizeof ((long long)))
      |             ~^~~~
      |              )
conftest.cpp:89:21: error: expected ')' before ';' token
   89 |             return 0;
      |                     ^
      |                     )
conftest.cpp:88:12: note: to match this '('
   88 | if (sizeof ((long long)))
      |            ^
conftest.cpp:89:21: error: expected ')' before ';' token
   89 |             return 0;
      |                     ^
      |                     )
conftest.cpp:88:4: note: to match this '('
   88 | if (sizeof ((long long)))
      |    ^
conftest.cpp:89:21: warning: suggest braces around empty body in an 'if' statement [-Wempty-body]
   89 |             return 0;
      |                     ^
configure:6850: $? = 1
configure: failed program was:
| /* confdefs.h */
| #define PACKAGE_NAME "masstree-beta"
| #define PACKAGE_TARNAME "masstree-beta"
| #define PACKAGE_VERSION "0.1"
| #define PACKAGE_STRING "masstree-beta 0.1"
| #define PACKAGE_BUGREPORT ""
| #define PACKAGE_URL ""
| #define WORDS_BIGENDIAN_SET 1
| #define HAVE_STDIO_H 1
| #define HAVE_STDLIB_H 1
| #define HAVE_STRING_H 1
| #define HAVE_INTTYPES_H 1
| #define HAVE_STDINT_H 1
| #define HAVE_STRINGS_H 1
| #define HAVE_SYS_STAT_H 1
| #define HAVE_SYS_TYPES_H 1
| #define HAVE_UNISTD_H 1
| #define STDC_HEADERS 1
| #define HAVE_SYS_EPOLL_H 1
| #define HAVE_NUMA_H 1
| #define HAVE_LIBNUMA 1
| #define HAVE___BUILTIN_CLZ 1
| #define HAVE___BUILTIN_CLZL 1
| #define HAVE___BUILTIN_CLZLL 1
| #define HAVE___BUILTIN_CTZ 1
| #define HAVE___BUILTIN_CTZL 1
| #define HAVE___BUILTIN_CTZLL 1
| #define HAVE___SYNC_SYNCHRONIZE 1
| #define HAVE___SYNC_FETCH_AND_ADD 1
| #define HAVE___SYNC_ADD_AND_FETCH 1
| #define HAVE___SYNC_FETCH_AND_ADD_8 1
| #define HAVE___SYNC_ADD_AND_FETCH_8 1
| #define HAVE___SYNC_FETCH_AND_OR 1
| #define HAVE___SYNC_OR_AND_FETCH 1
| #define HAVE___SYNC_FETCH_AND_OR_8 1
| #define HAVE___SYNC_OR_AND_FETCH_8 1
| #define HAVE___SYNC_BOOL_COMPARE_AND_SWAP 1
| #define HAVE___SYNC_BOOL_COMPARE_AND_SWAP_8 1
| #define HAVE___SYNC_VAL_COMPARE_AND_SWAP 1
| #define HAVE___SYNC_VAL_COMPARE_AND_SWAP_8 1
| #define HAVE___SYNC_LOCK_TEST_AND_SET 1
| #define HAVE___SYNC_LOCK_TEST_AND_SET_VAL 1
| #define HAVE___SYNC_LOCK_RELEASE_SET 1
| #define HAVE_CXX_TEMPLATE_ALIAS 1
| #define HAVE_TYPE_TRAITS 1
| #define HAVE_STD_HASH 1
| #define HAVE___HAS_TRIVIAL_COPY 1
| #define HAVE___HAS_TRIVIAL_DESTRUCTOR 1
| #define HAVE_STD_IS_TRIVIALLY_COPYABLE 1
| #define HAVE_STD_IS_TRIVIALLY_DESTRUCTIBLE 1
| #define HAVE_STD_IS_RVALUE_REFERENCE 1
| #define HAVE_TCMALLOC 1
| #define HAVE_OFF_T_IS_LONG 1
| #define HAVE_INT64_T_IS_LONG 1
| #define HAVE_SIZE_T_IS_UNSIGNED_LONG 1
| /* end confdefs.h.  */
| #include <stddef.h>
| #ifdef HAVE_STDIO_H
| # include <stdio.h>
| #endif
| #ifdef HAVE_STDLIB_H
| # include <stdlib.h>
| #endif
| #ifdef HAVE_STRING_H
| # include <string.h>
| #endif
| #ifdef HAVE_INTTYPES_H
| # include <inttypes.h>
| #endif
| #ifdef HAVE_STDINT_H
| # include <stdint.h>
| #endif
| #ifdef HAVE_STRINGS_H
| # include <strings.h>
| #endif
| #ifdef HAVE_SYS_TYPES_H
| # include <sys/types.h>
| #endif
| #ifdef HAVE_SYS_STAT_H
| # include <sys/stat.h>
| #endif
| #ifdef HAVE_UNISTD_H
| # include <unistd.h>
| #endif
| int
| main (void)
| {
| if (sizeof ((long long)))
| 	    return 0;
|   ;
|   return 0;
| }
configure:6850: result: yes
configure:6863: checking size of short
configure:6869: g++ -o conftest -g -W -Wall -O3   conftest.cpp -lnuma  >&5
configure:6869: $? = 0
configure:6869: ./conftest
configure:6869: $? = 0
configure:6884: result: 2
configure:6896: checking size of int
configure:6902: g++ -o conftest -g -W -Wall -O3   conftest.cpp -lnuma  >&5
configure:6902: $? = 0
configure:6902: ./conftest
configure:6902: $? = 0
configure:6917: result: 4
configure:6929: checking size of long
configure:6935: g++ -o conftest -g -W -Wall -O3   conftest.cpp -lnuma  >&5
configure:6935: $? = 0
configure:6935: ./conftest
configure:6935: $? = 0
configure:6950: result: 8
configure:6962: checking size of long long
configure:6968: g++ -o conftest -g -W -Wall -O3   conftest.cpp -lnuma  >&5
configure:6968: $? = 0
configure:6968: ./conftest
configure:6968: $? = 0
configure:6983: result: 8
configure:6995: checking size of void *
configure:7001: g++ -o conftest -g -W -Wall -O3   conftest.cpp -lnuma  >&5
configure:7001: $? = 0
configure:7001: ./conftest
configure:7001: $? = 0
configure:7016: result: 8
configure:7025: checking for g++ options needed to detect all undeclared functions
configure:7047: g++ -c -g -W -Wall -O3  conftest.cpp >&5
conftest.cpp: In function 'int main()':
conftest.cpp:67:8: error: 'strchr' was not declared in this scope
   67 | (void) strchr;
      |        ^~~~~~
conftest.cpp:1:1: note: 'strchr' is defined in header '<cstring>'; did you forget to '#include <cstring>'?
    1 | /* confdefs.h */
configure:7047: $? = 1
configure: failed program was:
| /* confdefs.h */
| #define PACKAGE_NAME "masstree-beta"
| #define PACKAGE_TARNAME "masstree-beta"
| #define PACKAGE_VERSION "0.1"
| #define PACKAGE_STRING "masstree-beta 0.1"
| #define PACKAGE_BUGREPORT ""
| #define PACKAGE_URL ""
| #define WORDS_BIGENDIAN_SET 1
| #define HAVE_STDIO_H 1
| #define HAVE_STDLIB_H 1
| #define HAVE_STRING_H 1
| #define HAVE_INTTYPES_H 1
| #define HAVE_STDINT_H 1
| #define HAVE_STRINGS_H 1
| #define HAVE_SYS_STAT_H 1
| #define HAVE_SYS_TYPES_H 1
| #define HAVE_UNISTD_H 1
| #define STDC_HEADERS 1
| #define HAVE_SYS_EPOLL_H 1
| #define HAVE_NUMA_H 1
| #define HAVE_LIBNUMA 1
| #define HAVE___BUILTIN_CLZ 1
| #define HAVE___BUILTIN_CLZL 1
| #define HAVE___BUILTIN_CLZLL 1
| #define HAVE___BUILTIN_CTZ 1
| #define HAVE___BUILTIN_CTZL 1
| #define HAVE___BUILTIN_CTZLL 1
| #define HAVE___SYNC_SYNCHRONIZE 1
| #define HAVE___SYNC_FETCH_AND_ADD 1
| #define HAVE___SYNC_ADD_AND_FETCH 1
| #define HAVE___SYNC_FETCH_AND_ADD_8 1
| #define HAVE___SYNC_ADD_AND_FETCH_8 1
| #define HAVE___SYNC_FETCH_AND_OR 1
| #define HAVE___SYNC_OR_AND_FETCH 1
| #define HAVE___SYNC_FETCH_AND_OR_8 1
| #define HAVE___SYNC_OR_AND_FETCH_8 1
| #define HAVE___SYNC_BOOL_COMPARE_AND_SWAP 1
| #define HAVE___SYNC_BOOL_COMPARE_AND_SWAP_8 1
| #define HAVE___SYNC_VAL_COMPARE_AND_SWAP 1
| #define HAVE___SYNC_VAL_COMPARE_AND_SWAP_8 1
| #define HAVE___SYNC_LOCK_TEST_AND_SET 1
| #define HAVE___SYNC_LOCK_TEST_AND_SET_VAL 1
| #define HAVE___SYNC_LOCK_RELEASE_SET 1
| #define HAVE_CXX_TEMPLATE_ALIAS 1
| #define HAVE_TYPE_TRAITS 1
| #define HAVE_STD_HASH 1
| #define HAVE___HAS_TRIVIAL_COPY 1
| #define HAVE___HAS_TRIVIAL_DESTRUCTOR 1
| #define HAVE_STD_IS_TRIVIALLY_COPYABLE 1
| #define HAVE_STD_IS_TRIVIALLY_DESTRUCTIBLE 1
| #define HAVE_STD_IS_RVALUE_REFERENCE 1
| #define HAVE_TCMALLOC 1
| #define HAVE_OFF_T_IS_LONG 1
| #define HAVE_INT64_T_IS_LONG 1
| #define HAVE_SIZE_T_IS_UNSIGNED_LONG 1
| #define HAVE_LONG_LONG 1
| #define SIZEOF_SHORT 2
| #define SIZEOF_INT 4
| #define SIZEOF_LONG 8
| #define SIZEOF_LONG_LONG 8
| #define SIZEOF_VOID_P 8
| /* end confdefs.h.  */
| 
| int
| main (void)
| {
| (void) strchr;
|   ;
|   return 0;
| }
configure:7074: g++ -c -g -W -Wall -O3  conftest.cpp >&5
configure:7074: $? = 0
configure:7091: result: none needed
configure:7105: checking whether getline is declared
configure:7105: g++ -c -g -W -Wall -O3   conftest.cpp >&5
configure:7105: $? = 0
configure:7105: result: yes
configure:7115: checking for time.h
configure:7115: g++ -c -g -W -Wall -O3  conftest.cpp >&5
configure:7115: $? = 0
configure:7115: result: yes
configure:7121: checking for execinfo.h
configure:7121: g++ -c -g -W -Wall -O3  conftest.cpp >&5
configure:7121: $? = 0
configure:7121: result: yes
configure:7128: checking whether clock_gettime is declared
configure:7128: g++ -c -g -W -Wall -O3   conftest.cpp >&5
configure:7128: $? = 0
configure:7128: result: yes
configure:7140: checking for library containing clock_gettime
configure:7169: g++ -o conftest -g -W -Wall -O3   conftest.cpp -lnuma  >&5
configure:7169: $? = 0
configure:7189: result: none required
configure:7198: checking for clock_gettime
configure:7198: g++ -o conftest -g -W -Wall -O3   conftest.cpp -lnuma  >&5
configure:7198: $? = 0
configure:7198: result: yes
configure:7205: checking for library containing backtrace
configure:7234: g++ -o conftest -g -W -Wall -O3   conftest.cpp -lnuma  >&5
configure:7234: $? = 0
configure:7254: result: none required
configure:7305: checking whether MADV_HUGEPAGE is supported
configure:7312: checking how to run the C++ preprocessor
configure:7334: g++ -E  conftest.cpp
configure:7334: $? = 0
configure:7349: g++ -E  conftest.cpp
conftest.cpp:70:10: fatal error: ac_nonexistent.h: No such file or directory
   70 | #include <ac_nonexistent.h>
      |          ^~~~~~~~~~~~~~~~~~
compilation terminated.
configure:7349: $? = 1
configure: failed program was:
| /* confdefs.h */
| #define PACKAGE_NAME "masstree-beta"
| #define PACKAGE_TARNAME "masstree-beta"
| #define PACKAGE_VERSION "0.1"
| #define PACKAGE_STRING "masstree-beta 0.1"
| #define PACKAGE_BUGREPORT ""
| #define PACKAGE_URL ""
| #define WORDS_BIGENDIAN_SET 1
| #define HAVE_STDIO_H 1
| #define HAVE_STDLIB_H 1
| #define HAVE_STRING_H 1
| #define HAVE_INTTYPES_H 1
| #define HAVE_STDINT_H 1
| #define HAVE_STRINGS_H 1
| #define HAVE_SYS_STAT_H 1
| #define HAVE_SYS_TYPES_H 1
| #define HAVE_UNISTD_H 1
| #define STDC_HEADERS 1
| #define HAVE_SYS_EPOLL_H 1
| #define HAVE_NUMA_H 1
| #define HAVE_LIBNUMA 1
| #define HAVE___BUILTIN_CLZ 1
| #define HAVE___BUILTIN_CLZL 1
| #define HAVE___BUILTIN_CLZLL 1
| #define HAVE___BUILTIN_CTZ 1
| #define HAVE___BUILTIN_CTZL 1
| #define HAVE___BUILTIN_CTZLL 1
| #define HAVE___SYNC_SYNCHRONIZE 1
| #define HAVE___SYNC_FETCH_AND_ADD 1
| #define HAVE___SYNC_ADD_AND_FETCH 1
| #define HAVE___SYNC_FETCH_AND_ADD_8 1
| #define HAVE___SYNC_ADD_AND_FETCH_8 1
| #define HAVE___SYNC_FETCH_AND_OR 1
| #define HAVE___SYNC_OR_AND_FETCH 1
| #define HAVE___SYNC_FETCH_AND_OR_8 1
| #define HAVE___SYNC_OR_AND_FETCH_8 1
| #define HAVE___SYNC_BOOL_COMPARE_AND_SWAP 1
| #define HAVE___SYNC_BOOL_COMPARE_AND_SWAP_8 1
| #define HAVE___SYNC_VAL_COMPARE_AND_SWAP 1
| #define HAVE___SYNC_VAL_COMPARE_AND_SWAP_8 1
| #define HAVE___SYNC_LOCK_TEST_AND_SET 1
| #define HAVE___SYNC_LOCK_TEST_AND_SET_VAL 1
| #define HAVE___SYNC_LOCK_RELEASE_SET 1
| #define HAVE_CXX_TEMPLATE_ALIAS 1
| #define HAVE_TYPE_TRAITS 1
| #define HAVE_STD_HASH 1
| #define HAVE___HAS_TRIVIAL_COPY 1
| #define HAVE___HAS_TRIVIAL_DESTRUCTOR 1
| #define HAVE_STD_IS_TRIVIALLY_COPYABLE 1
| #define HAVE_STD_IS_TRIVIALLY_DESTRUCTIBLE 1
| #define HAVE_STD_IS_RVALUE_REFERENCE 1
| #define HAVE_TCMALLOC 1
| #define HAVE_OFF_T_IS_LONG 1
| #define HAVE_INT64_T_IS_LONG 1
| #define HAVE_SIZE_T_IS_UNSIGNED_LONG 1
| #define HAVE_LONG_LONG 1
| #define SIZEOF_SHORT 2
| #define SIZEOF_INT 4
| #define SIZEOF_LONG 8
| #define SIZEOF_LONG_LONG 8
| #define SIZEOF_VOID_P 8
| #define HAVE_DECL_GETLINE 1
| #define HAVE_TIME_H 1
| #define HAVE_EXECINFO_H 1
| #define HAVE_DECL_CLOCK_GETTIME 1
| #define HAVE_CLOCK_GETTIME 1
| #define MASSTREE_ROW_TYPE_BAG 1
| #define MASSTREE_MAXKEYLEN 255
| /* end confdefs.h.  */
| #include <ac_nonexistent.h>
configure:7376: result: g++ -E
configure:7390: g++ -E  conftest.cpp
configure:7390: $? = 0
configure:7405: g++ -E  conftest.cpp
conftest.cpp:70:10: fatal error: ac_nonexistent.h: No such file or directory
   70 | #include <ac_nonexistent.h>
      |          ^~~~~~~~~~~~~~~~~~
compilation terminated.
configure:7405: $? = 1
configure: failed program was:
| /* confdefs.h */
| #define PACKAGE_NAME "masstree-beta"
| #define PACKAGE_TARNAME "masstree-beta"
| #define PACKAGE_VERSION "0.1"
| #define PACKAGE_STRING "masstree-beta 0.1"
| #define PACKAGE_BUGREPORT ""
| #define PACKAGE_URL ""
| #define WORDS_BIGENDIAN_SET 1
| #define HAVE_STDIO_H 1
| #define HAVE_STDLIB_H 1
| #define HAVE_STRING_H 1
| #define HAVE_INTTYPES_H 1
| #define HAVE_STDINT_H 1
| #define HAVE_STRINGS_H 1
| #define HAVE_SYS_STAT_H 1
| #define HAVE_SYS_TYPES_H 1
| #define HAVE_UNISTD_H 1
| #define STDC_HEADERS 1
| #define HAVE_SYS_EPOLL_H 1
| #define HAVE_NUMA_H 1
| #define HAVE_LIBNUMA 1
| #define HAVE___BUILTIN_CLZ 1
| #define HAVE___BUILTIN_CLZL 1
| #define HAVE___BUILTIN_CLZLL 1
| #define HAVE___BUILTIN_CTZ 1
| #define HAVE___BUILTIN_CTZL 1
| #define HAVE___BUILTIN_CTZLL 1
| #define HAVE___SYNC_SYNCHRONIZE 1
| #define HAVE___SYNC_FETCH_AND_ADD 1
| #define HAVE___SYNC_ADD_AND_FETCH 1
| #define HAVE___SYNC_FETCH_AND_ADD_8 1
| #define HAVE___SYNC_ADD_AND_FETCH_8 1
| #define HAVE___SYNC_FETCH_AND_OR 1
| #define HAVE___SYNC_OR_AND_FETCH 1
| #define HAVE___SYNC_FETCH_AND_OR_8 1
| #define HAVE___SYNC_OR_AND_FETCH_8 1
| #define HAVE___SYNC_BOOL_COMPARE_AND_SWAP 1
| #define HAVE___SYNC_BOOL_COMPARE_AND_SWAP_8 1
| #define HAVE___SYNC_VAL_COMPARE_AND_SWAP 1
| #define HAVE___SYNC_VAL_COMPARE_AND_SWAP_8 1
| #define HAVE___SYNC_LOCK_TEST_AND_SET 1
| #define HAVE___SYNC_LOCK_TEST_AND_SET_VAL 1
| #define HAVE___SYNC_LOCK_RELEASE_SET 1
| #define HAVE_CXX_TEMPLATE_ALIAS 1
| #define HAVE_TYPE_TRAITS 1
| #define HAVE_STD_HASH 1
| #define HAVE___HAS_TRIVIAL_COPY 1
| #define HAVE___HAS_TRIVIAL_DESTRUCTOR 1
| #define HAVE_STD_IS_TRIVIALLY_COPYABLE 1
| #define HAVE_STD_IS_TRIVIALLY_DESTRUCTIBLE 1
| #define HAVE_STD_IS_RVALUE_REFERENCE 1
| #define HAVE_TCMALLOC 1
| #define HAVE_OFF_T_IS_LONG 1
| #define HAVE_INT64_T_IS_LONG 1
| #define HAVE_SIZE_T_IS_UNSIGNED_LONG 1
| #define HAVE_LONG_LONG 1
| #define SIZEOF_SHORT 2
| #define SIZEOF_INT 4
| #define SIZEOF_LONG 8
| #define SIZEOF_LONG_LONG 8
| #define SIZEOF_VOID_P 8
| #define HAVE_DECL_GETLINE 1
| #define HAVE_TIME_H 1
| #define HAVE_EXECINFO_H 1
| #define HAVE_DECL_CLOCK_GETTIME 1
| #define HAVE_CLOCK_GETTIME 1
| #define MASSTREE_ROW_TYPE_BAG 1
| #define MASSTREE_MAXKEYLEN 255
| /* end confdefs.h.  */
| #include <ac_nonexistent.h>
configure:7450: g++ -E  conftest.cpp
configure:7450: $? = 0
configure:7457: result: yes
configure:7465: checking whether MAP_HUGETLB is supported
configure:7481: g++ -E  conftest.cpp
configure:7481: $? = 0
configure:7488: result: yes
configure:7697: creating ./config.status

## ---------------------- ##
## Running config.status. ##
## ---------------------- ##

This file was extended by masstree-beta config.status 0.1, which was
generated by GNU Autoconf 2.71.  Invocation command line was

  CONFIG_FILES    = 
  CONFIG_HEADERS  = 
  CONFIG_LINKS    = 
  CONFIG_COMMANDS = 
  $ ./config.status 

on ubuntu-desktop

config.status:851: creating GNUmakefile
config.status:851: creating config.h

## ---------------- ##
## Cache variables. ##
## ---------------- ##

ac_cv_c_bigendian=no
ac_cv_c_compiler_gnu=yes
ac_cv_cxx_auto=yes
ac_cv_cxx_compiler_gnu=yes
ac_cv_cxx_constexpr=yes
ac_cv_cxx_rvalue_references=yes
ac_cv_cxx_static_assert=yes
ac_cv_cxx_template_alias=yes
ac_cv_cxx_undeclared_builtin_options='none needed'
ac_cv_env_CCC_set=
ac_cv_env_CCC_value=
ac_cv_env_CC_set=
ac_cv_env_CC_value=
ac_cv_env_CFLAGS_set=
ac_cv_env_CFLAGS_value=
ac_cv_env_CPPFLAGS_set=
ac_cv_env_CPPFLAGS_value=
ac_cv_env_CXXCPP_set=
ac_cv_env_CXXCPP_value=
ac_cv_env_CXXFLAGS_set=
ac_cv_env_CXXFLAGS_value=
ac_cv_env_CXX_set=
ac_cv_env_CXX_value=
ac_cv_env_LDFLAGS_set=
ac_cv_env_LDFLAGS_value=
ac_cv_env_LIBS_set=
ac_cv_env_LIBS_value=
ac_cv_env_build_alias_set=
ac_cv_env_build_alias_value=
ac_cv_env_host_alias_set=
ac_cv_env_host_alias_value=
ac_cv_env_target_alias_set=
ac_cv_env_target_alias_value=
ac_cv_func_clock_gettime=yes
ac_cv_have___builtin_clz=yes
ac_cv_have___builtin_clzl=yes
ac_cv_have___builtin_clzll=yes
ac_cv_have___builtin_ctz=yes
ac_cv_have___builtin_ctzl=yes
ac_cv_have___builtin_ctzll=yes
ac_cv_have___has_trivial_copy=yes
ac_cv_have___has_trivial_destructor=yes
ac_cv_have___sync_add_and_fetch=yes
ac_cv_have___sync_add_and_fetch_8=yes
ac_cv_have___sync_bool_compare_and_swap=yes
ac_cv_have___sync_bool_compare_and_swap_8=yes
ac_cv_have___sync_fetch_and_add=yes
ac_cv_have___sync_fetch_and_add_8=yes
ac_cv_have___sync_fetch_and_or=yes
ac_cv_have___sync_fetch_and_or_8=yes
ac_cv_have___sync_lock_release_set=yes
ac_cv_have___sync_lock_test_and_set=yes
ac_cv_have___sync_lock_test_and_set_val=yes
ac_cv_have___sync_or_and_fetch=yes
ac_cv_have___sync_or_and_fetch_8=yes
ac_cv_have___sync_synchronize=yes
ac_cv_have___sync_val_compare_and_swap=yes
ac_cv_have___sync_val_compare_and_swap_8=yes
ac_cv_have_decl_clock_gettime=yes
ac_cv_have_decl_getline=yes
ac_cv_have_same_type_int64_t_is_long=yes
ac_cv_have_same_type_int64_t_is_long_long=no
ac_cv_have_same_type_off_t_is_long=yes
ac_cv_have_same_type_off_t_is_long_long=no
ac_cv_have_same_type_size_t_is_unsigned=no
ac_cv_have_same_type_size_t_is_unsigned_long=yes
ac_cv_have_same_type_size_t_is_unsigned_long_long=no
ac_cv_have_std_hash=yes
ac_cv_have_std_is_rvalue_reference=yes
ac_cv_have_std_is_trivially_copyable=yes
ac_cv_have_std_is_trivially_destructible=yes
ac_cv_header_execinfo_h=yes
ac_cv_header_inttypes_h=yes
ac_cv_header_numa_h=yes
ac_cv_header_stdint_h=yes
ac_cv_header_stdio_h=yes
ac_cv_header_stdlib_h=yes
ac_cv_header_string_h=yes
ac_cv_header_strings_h=yes
ac_cv_header_sys_epoll_h=yes
ac_cv_header_sys_stat_h=yes
ac_cv_header_sys_types_h=yes
ac_cv_header_time_h=yes
ac_cv_header_type_traits=yes
ac_cv_header_unistd_h=yes
ac_cv_lib_flow_malloc=no
ac_cv_lib_hoard__Z16getMainHoardHeapv=no
ac_cv_lib_jemalloc_mallctl=yes
ac_cv_lib_tcmalloc_minimal_tc_malloc=yes
ac_cv_max_key_len=255
ac_cv_objext=o
ac_cv_prog_CXXCPP='g++ -E'
ac_cv_prog_ac_ct_CC=gcc
ac_cv_prog_ac_ct_CXX=g++
ac_cv_prog_ac_ct_RANLIB=ranlib
ac_cv_prog_cc_c11=
ac_cv_prog_cc_g=yes
ac_cv_prog_cc_stdc=
ac_cv_prog_cxx_11=no
ac_cv_prog_cxx_cxx11=
ac_cv_prog_cxx_g=yes
ac_cv_prog_cxx_stdcxx=
ac_cv_row_type=bag
ac_cv_search_backtrace='none required'
ac_cv_search_clock_gettime='none required'
ac_cv_search_numa_available=-lnuma
ac_cv_sizeof_int=4
ac_cv_sizeof_long=8
ac_cv_sizeof_long_long=8
ac_cv_sizeof_short=2
ac_cv_sizeof_void_p=8
ac_cv_std_move=yes
ac_cv_type_long_long=yes

## ----------------- ##
## Output variables. ##
## ----------------- ##

CC='gcc'
CFLAGS='-g -O2'
CPPFLAGS=''
CXX='g++'
CXXCPP='g++ -E'
CXXFLAGS='-g -W -Wall -O3'
DEFS='-DHAVE_CONFIG_H'
ECHO_C=''
ECHO_N='-n'
ECHO_T=''
EXEEXT=''
LDFLAGS=''
LIBOBJS=''
LIBS='-lnuma '
LTLIBOBJS=''
MALLOC_LIBS='-ltcmalloc_minimal'
OBJEXT='o'
PACKAGE_BUGREPORT=''
PACKAGE_NAME='masstree-beta'
PACKAGE_STRING='masstree-beta 0.1'
PACKAGE_TARNAME='masstree-beta'
PACKAGE_URL=''
PACKAGE_VERSION='0.1'
PATH_SEPARATOR=':'
RANLIB='ranlib'
SHELL='/bin/bash'
ac_configure_args=' '\''--disable-assertions'\'' '\''--with-malloc=tcmalloc'\'''
ac_ct_CC='gcc'
ac_ct_CXX='g++'
bindir='${exec_prefix}/bin'
build_alias=''
datadir='${datarootdir}'
datarootdir='${prefix}/share'
docdir='${datarootdir}/doc/${PACKAGE_TARNAME}'
dvidir='${docdir}'
exec_prefix='${prefix}'
host_alias=''
htmldir='${docdir}'
includedir='${prefix}/include'
infodir='${datarootdir}/info'
libdir='${exec_prefix}/lib'
libexecdir='${exec_prefix}/libexec'
localedir='${datarootdir}/locale'
localstatedir='${prefix}/var'
mandir='${datarootdir}/man'
oldincludedir='/usr/include'
pdfdir='${docdir}'
prefix='/usr/local'
program_transform_name='s,x,x,'
psdir='${docdir}'
runstatedir='${localstatedir}/run'
sbindir='${exec_prefix}/sbin'
sharedstatedir='${prefix}/com'
sysconfdir='${prefix}/etc'
target_alias=''

## ----------- ##
## confdefs.h. ##
## ----------- ##

/* confdefs.h */
#define PACKAGE_NAME "masstree-beta"
#define PACKAGE_TARNAME "masstree-beta"
#define PACKAGE_VERSION "0.1"
#define PACKAGE_STRING "masstree-beta 0.1"
#define PACKAGE_BUGREPORT ""
#define PACKAGE_URL ""
#define WORDS_BIGENDIAN_SET 1
#define HAVE_STDIO_H 1
#define HAVE_STDLIB_H 1
#define HAVE_STRING_H 1
#define HAVE_INTTYPES_H 1
#define HAVE_STDINT_H 1
#define HAVE_STRINGS_H 1
#define HAVE_SYS_STAT_H 1
#define HAVE_SYS_TYPES_H 1
#define HAVE_UNISTD_H 1
#define STDC_HEADERS 1
#define HAVE_SYS_EPOLL_H 1
#define HAVE_NUMA_H 1
#define HAVE_LIBNUMA 1
#define HAVE___BUILTIN_CLZ 1
#define HAVE___BUILTIN_CLZL 1
#define HAVE___BUILTIN_CLZLL 1
#define HAVE___BUILTIN_CTZ 1
#define HAVE___BUILTIN_CTZL 1
#define HAVE___BUILTIN_CTZLL 1
#define HAVE___SYNC_SYNCHRONIZE 1
#define HAVE___SYNC_FETCH_AND_ADD 1
#define HAVE___SYNC_ADD_AND_FETCH 1
#define HAVE___SYNC_FETCH_AND_ADD_8 1
#define HAVE___SYNC_ADD_AND_FETCH_8 1
#define HAVE___SYNC_FETCH_AND_OR 1
#define HAVE___SYNC_OR_AND_FETCH 1
#define HAVE___SYNC_FETCH_AND_OR_8 1
#define HAVE___SYNC_OR_AND_FETCH_8 1
#define HAVE___SYNC_BOOL_COMPARE_AND_SWAP 1
#define HAVE___SYNC_BOOL_COMPARE_AND_SWAP_8 1
#define HAVE___SYNC_VAL_COMPARE_AND_SWAP 1
#define HAVE___SYNC_VAL_COMPARE_AND_SWAP_8 1
#define HAVE___SYNC_LOCK_TEST_AND_SET 1
#define HAVE___SYNC_LOCK_TEST_AND_SET_VAL 1
#define HAVE___SYNC_LOCK_RELEASE_SET 1
#define HAVE_CXX_TEMPLATE_ALIAS 1
#define HAVE_TYPE_TRAITS 1
#define HAVE_STD_HASH 1
#define HAVE___HAS_TRIVIAL_COPY 1
#define HAVE___HAS_TRIVIAL_DESTRUCTOR 1
#define HAVE_STD_IS_TRIVIALLY_COPYABLE 1
#define HAVE_STD_IS_TRIVIALLY_DESTRUCTIBLE 1
#define HAVE_STD_IS_RVALUE_REFERENCE 1
#define HAVE_TCMALLOC 1
#define HAVE_OFF_T_IS_LONG 1
#define HAVE_INT64_T_IS_LONG 1
#define HAVE_SIZE_T_IS_UNSIGNED_LONG 1
#define HAVE_LONG_LONG 1
#define SIZEOF_SHORT 2
#define SIZEOF_INT 4
#define SIZEOF_LONG 8
#define SIZEOF_LONG_LONG 8
#define SIZEOF_VOID_P 8
#define HAVE_DECL_GETLINE 1
#define HAVE_TIME_H 1
#define HAVE_EXECINFO_H 1
#define HAVE_DECL_CLOCK_GETTIME 1
#define HAVE_CLOCK_GETTIME 1
#define MASSTREE_ROW_TYPE_BAG 1
#define MASSTREE_MAXKEYLEN 255
#define HAVE_MADV_HUGEPAGE 1
#define HAVE_MAP_HUGETLB 1
#define HAVE_SUPERPAGE 1
#define CACHE_LINE_SIZE 64
#define HAVE_UNALIGNED_ACCESS 1

configure: exit 0

## ---------------------- ##
## Running config.status. ##
## ---------------------- ##

This file was extended by masstree-beta config.status 0.1, which was
generated by GNU Autoconf 2.71.  Invocation command line was

  CONFIG_FILES    = 
  CONFIG_HEADERS  = 
  CONFIG_LINKS    = 
  CONFIG_COMMANDS = 
  $ ./config.status 

on ubuntu-desktop

config.status:: creating config.h
config.status:: config.h is unchanged
